Jan 12, 2018 9:22:11 PM Game log
INFO: Game Ready
Jan 12, 2018 9:22:18 PM Game log
INFO: Player picked up item: key
Jan 12, 2018 9:22:32 PM Game log
INFO: Game Ready
Jan 12, 2018 9:22:37 PM Game log
INFO: Player picked up item: coin
Jan 12, 2018 9:22:39 PM Game log
INFO: Player picked up item: ether
Jan 12, 2018 9:22:53 PM Game log
INFO: Player picked up item: coin
Jan 12, 2018 9:22:59 PM Game log
INFO: Player picked up item: key
Jan 12, 2018 9:23:15 PM Game log
INFO: Player picked up item: ether
Jan 12, 2018 9:23:30 PM Game log
INFO: Player picked up item: ether
Jan 12, 2018 9:23:36 PM Game log
INFO: Player picked up item: key
Jan 12, 2018 9:23:42 PM Game log
INFO: Player picked up item: ether
Jan 12, 2018 9:23:52 PM Game log
INFO: Player picked up item: coin
Jan 12, 2018 9:24:10 PM Game log
INFO: Player picked up item: key
Jan 12, 2018 9:24:20 PM Game log
INFO: Player picked up item: key
