Jan 12, 2018 11:33:05 PM Game log
INFO: Game Ready
Jan 12, 2018 11:34:32 PM Game log
INFO: Player picked up item: coin
Jan 12, 2018 11:34:35 PM Game log
INFO: Player picked up item: key
Jan 12, 2018 11:35:00 PM Game log
INFO: Player picked up item: ether
Jan 12, 2018 11:35:05 PM Game log
INFO: Player picked up item: ether
Jan 12, 2018 11:35:12 PM Game log
INFO: Player picked up item: ether
Jan 12, 2018 11:35:19 PM Game log
INFO: Player picked up item: coin
Jan 12, 2018 11:35:33 PM Game log
INFO: Player picked up item: ether
Jan 12, 2018 11:35:44 PM Game log
INFO: Player picked up item: ether
Jan 12, 2018 11:35:50 PM Game log
INFO: Player picked up item: ether
Jan 12, 2018 11:36:00 PM Game log
INFO: Player picked up item: key
Jan 12, 2018 11:36:54 PM Game log
INFO: Player picked up item: key
Jan 12, 2018 11:37:13 PM Game log
INFO: Player picked up item: coin
Jan 12, 2018 11:37:44 PM Game log
INFO: Game Ready
Jan 12, 2018 11:37:51 PM Game log
INFO: Player picked up item: coin
Jan 12, 2018 11:37:55 PM Game log
INFO: Player picked up item: key
Jan 12, 2018 11:37:57 PM Game log
INFO: Player picked up item: ether
Jan 12, 2018 11:38:25 PM Game log
INFO: Player picked up item: key
Jan 12, 2018 11:38:42 PM Game log
INFO: Player picked up item: coin
Jan 12, 2018 11:38:44 PM Game log
INFO: Player picked up item: key
Jan 12, 2018 11:39:10 PM Game log
INFO: Player picked up item: key
