Jan 12, 2018 8:47:46 PM Game log
INFO: Game Ready
Jan 12, 2018 8:48:04 PM Game log
INFO: Player picked up item: coin
Jan 12, 2018 8:48:07 PM Game log
INFO: Player picked up item: ether
Jan 12, 2018 8:48:21 PM Game log
INFO: Player picked up item: coin
Jan 12, 2018 8:48:40 PM Game log
INFO: Player picked up item: ether
Jan 12, 2018 8:48:43 PM Game log
INFO: Player picked up item: key
Jan 12, 2018 8:49:05 PM Game log
INFO: Player picked up item: key
Jan 12, 2018 8:49:28 PM Game log
INFO: Player picked up item: ether
Jan 12, 2018 8:49:43 PM Game log
INFO: Player picked up item: key
Jan 12, 2018 8:49:53 PM Game log
INFO: Player picked up item: key
Jan 12, 2018 8:50:09 PM Game log
INFO: Game Ready
