Jan 12, 2018 10:25:22 PM Game log
INFO: Game Ready
Jan 12, 2018 10:25:27 PM Game log
INFO: Player picked up item: coin
Jan 12, 2018 10:25:33 PM Game log
INFO: Player picked up item: coin
Jan 12, 2018 10:26:03 PM Game log
INFO: Player picked up item: ether
Jan 12, 2018 10:26:10 PM Game log
INFO: Player picked up item: key
Jan 12, 2018 10:26:14 PM Game log
INFO: Player picked up item: ether
Jan 12, 2018 10:26:38 PM Game log
INFO: Player picked up item: ether
Jan 12, 2018 10:26:45 PM Game log
INFO: Player picked up item: coin
Jan 12, 2018 10:26:51 PM Game log
INFO: Player picked up item: ether
Jan 12, 2018 10:27:18 PM Game log
INFO: Player picked up item: ether
Jan 12, 2018 10:27:57 PM Game log
INFO: Game Ready
