Jan 08, 2018 2:03:37 PM Game <init>
INFO: My first log
Jan 08, 2018 2:03:37 PM Game <init>
INFO: Hi How r u?
Jan 08, 2018 2:03:40 PM Game log
INFO: Game Ready
Jan 08, 2018 2:03:43 PM Game log
INFO: Player Moved west
Jan 08, 2018 2:03:43 PM Game log
INFO: Player Moved west
Jan 08, 2018 2:03:44 PM Game log
INFO: Player Moved north
Jan 08, 2018 2:03:45 PM Game log
INFO: Player Moved north
Jan 08, 2018 2:03:46 PM Game log
INFO: Player Moved west
Jan 08, 2018 2:03:47 PM Game log
INFO: Player Moved north
Jan 08, 2018 2:03:48 PM Game log
INFO: Player Moved north
Jan 08, 2018 2:03:48 PM Game log
INFO: Player Moved north
Jan 08, 2018 2:03:48 PM Game log
INFO: Player Moved north
Jan 08, 2018 2:03:48 PM Game log
INFO: Player Moved north
Jan 08, 2018 2:03:48 PM Game log
INFO: Player Moved north
Jan 08, 2018 2:03:48 PM Game log
INFO: Player Moved north
Jan 08, 2018 2:03:51 PM Game log
INFO: Player Moved west
Jan 08, 2018 2:03:53 PM Game log
INFO: Player Moved west
Jan 08, 2018 2:03:55 PM Game log
INFO: Player Moved east
Jan 08, 2018 2:03:57 PM Game log
INFO: Player Moved north
