Jan 12, 2018 9:31:15 PM Game log
INFO: Game Ready
Jan 12, 2018 9:31:20 PM Game log
INFO: Player picked up item: key
Jan 12, 2018 9:31:27 PM Game log
INFO: Player picked up item: coin
Jan 12, 2018 9:31:53 PM Game log
INFO: Player picked up item: coin
Jan 12, 2018 9:32:02 PM Game log
INFO: Player picked up item: ether
Jan 12, 2018 9:32:12 PM Game log
INFO: Player picked up item: ether
Jan 12, 2018 9:32:18 PM Game log
INFO: Player picked up item: key
Jan 12, 2018 9:32:54 PM Game log
INFO: Player picked up item: key
Jan 12, 2018 9:33:06 PM Game log
INFO: Game Ready
Jan 12, 2018 9:33:11 PM Game log
INFO: Player picked up item: key
Jan 12, 2018 9:33:17 PM Game log
INFO: Player picked up item: coin
Jan 12, 2018 9:33:23 PM Game log
INFO: Player picked up item: coin
Jan 12, 2018 9:33:47 PM Game log
INFO: Player picked up item: ether
Jan 12, 2018 9:33:55 PM Game log
INFO: Player picked up item: key
Jan 12, 2018 9:34:12 PM Game log
INFO: Player picked up item: key
Jan 12, 2018 9:34:29 PM Game log
INFO: Player picked up item: ether
Jan 12, 2018 9:34:48 PM Game log
INFO: Player picked up item: key
Jan 12, 2018 9:35:08 PM Game log
INFO: Game Ready
Jan 12, 2018 9:35:19 PM Game log
INFO: Player picked up item: coin
Jan 12, 2018 9:35:25 PM Game log
INFO: Player picked up item: coin
Jan 12, 2018 9:35:32 PM Game log
INFO: Player picked up item: ether
Jan 12, 2018 9:35:37 PM Game log
INFO: Player picked up item: key
Jan 12, 2018 9:36:08 PM Game log
INFO: Player picked up item: ether
Jan 12, 2018 9:36:17 PM Game log
INFO: Player picked up item: ether
Jan 12, 2018 9:36:22 PM Game log
INFO: Player picked up item: ether
Jan 12, 2018 9:36:30 PM Game log
INFO: Player dropped item: coin
Jan 12, 2018 9:36:32 PM Game log
INFO: Player picked up item: coin
Jan 12, 2018 9:36:37 PM Game log
INFO: Player picked up item: key
Jan 12, 2018 9:36:56 PM Game log
INFO: Player picked up item: key
Jan 12, 2018 9:37:14 PM Game log
INFO: Player picked up item: ether
Jan 12, 2018 9:37:19 PM Game log
INFO: Player picked up item: ether
Jan 12, 2018 9:37:26 PM Game log
INFO: Player picked up item: coin
Jan 12, 2018 9:37:48 PM Game log
INFO: Player picked up item: key
