Jan 12, 2018 9:57:25 PM Game log
INFO: Game Ready
Jan 12, 2018 9:57:31 PM Game log
INFO: Player picked up item: key
Jan 12, 2018 9:57:49 PM Game log
INFO: Game Ready
Jan 12, 2018 9:57:55 PM Game log
INFO: Player picked up item: ether
Jan 12, 2018 9:58:08 PM Game log
INFO: Player dropped item: ether
Jan 12, 2018 9:58:27 PM Game log
INFO: Player picked up item: coin
Jan 12, 2018 9:59:13 PM Game log
INFO: Player picked up item: key
Jan 12, 2018 9:59:26 PM Game log
INFO: Player dropped item: coin
Jan 12, 2018 9:59:30 PM Game log
INFO: Player picked up item: coin
Jan 12, 2018 9:59:35 PM Game log
INFO: Player dropped item: key
Jan 12, 2018 9:59:37 PM Game log
INFO: Player picked up item: key
Jan 12, 2018 9:59:44 PM Game log
INFO: Player dropped item: key
Jan 12, 2018 9:59:45 PM Game log
INFO: Player picked up item: key
Jan 12, 2018 10:01:23 PM Game log
INFO: Game Ready
Jan 12, 2018 10:01:29 PM Game log
INFO: Player picked up item: ether
Jan 12, 2018 10:01:39 PM Game log
INFO: Player dropped item: ether
Jan 12, 2018 10:01:40 PM Game log
INFO: Player picked up item: ether
