Jan 08, 2018 1:22:49 PM Game <init>
INFO: My first log
Jan 08, 2018 1:22:49 PM Game <init>
INFO: Hi How r u?
Jan 08, 2018 1:22:51 PM Game log
INFO: Game Ready
Jan 08, 2018 1:23:15 PM Game log
INFO: Player Moved west
Jan 08, 2018 1:23:15 PM Game log
INFO: Player Moved west
Jan 08, 2018 1:23:16 PM Game log
INFO: Player Moved north
Jan 08, 2018 1:23:19 PM Game log
INFO: Player Moved north
Jan 08, 2018 1:23:20 PM Game log
INFO: Player Moved west
Jan 08, 2018 1:23:22 PM Game log
INFO: Player Moved north
Jan 08, 2018 1:23:22 PM Game log
INFO: Player Moved north
Jan 08, 2018 1:23:22 PM Game log
INFO: Player Moved north
Jan 08, 2018 1:23:22 PM Game log
INFO: Player Moved north
