Jan 12, 2018 11:40:22 PM Game log
INFO: Game Ready
Jan 12, 2018 11:40:27 PM Game log
INFO: Player picked up item: ether
Jan 12, 2018 11:40:29 PM Game log
INFO: Player picked up item: coin
Jan 12, 2018 11:41:11 PM Game log
INFO: Player picked up item: coin
Jan 12, 2018 11:41:16 PM Game log
INFO: Player picked up item: ether
Jan 12, 2018 11:41:43 PM Game log
INFO: Player picked up item: key
Jan 12, 2018 11:41:56 PM Game log
INFO: Player picked up item: coin
Jan 12, 2018 11:42:02 PM Game log
INFO: Player picked up item: key
Jan 12, 2018 11:42:32 PM Game log
INFO: Player picked up item: ether
Jan 12, 2018 11:43:17 PM Game log
INFO: Game Ready
