Jan 08, 2018 1:25:25 PM Game <init>
INFO: My first log
Jan 08, 2018 1:25:25 PM Game <init>
INFO: Hi How r u?
Jan 08, 2018 1:25:25 PM Game log
INFO: Game Ready
Jan 08, 2018 1:25:28 PM Game log
INFO: Player Moved west
Jan 08, 2018 1:25:28 PM Game log
INFO: Player Moved west
Jan 08, 2018 1:25:31 PM Game log
INFO: Player Moved north
Jan 08, 2018 1:25:32 PM Game log
INFO: Player Moved north
Jan 08, 2018 1:25:33 PM Game log
INFO: Player Moved west
Jan 08, 2018 1:25:35 PM Game log
INFO: Player Moved north
Jan 08, 2018 1:25:35 PM Game log
INFO: Player Moved north
Jan 08, 2018 1:25:36 PM Game log
INFO: Player Moved north
Jan 08, 2018 1:25:36 PM Game log
INFO: Player Moved north
Jan 08, 2018 1:25:36 PM Game log
INFO: Player Moved north
Jan 08, 2018 1:25:37 PM Game log
INFO: Player Moved north
Jan 08, 2018 1:25:37 PM Game log
INFO: Player Moved north
Jan 08, 2018 1:25:38 PM Game log
INFO: Player Moved east
Jan 08, 2018 1:25:39 PM Game log
INFO: Player Moved east
Jan 08, 2018 1:25:41 PM Game log
INFO: Player Moved west
Jan 08, 2018 1:25:41 PM Game log
INFO: Player Moved west
Jan 08, 2018 1:25:46 PM Game log
INFO: Player Moved south
Jan 08, 2018 1:25:46 PM Game log
INFO: Player Moved south
Jan 08, 2018 1:25:46 PM Game log
INFO: Player Moved south
Jan 08, 2018 1:25:47 PM Game log
INFO: Player Moved south
Jan 08, 2018 1:25:47 PM Game log
INFO: Player Moved south
Jan 08, 2018 1:25:47 PM Game log
INFO: Player Moved south
Jan 08, 2018 1:25:47 PM Game log
INFO: Player Moved south
Jan 08, 2018 1:25:49 PM Game log
INFO: Player Moved east
Jan 08, 2018 1:25:49 PM Game log
INFO: Player Moved east
